<?xml version="1.0" encoding="UTF-8"?>
<!-- Generated by org.testng.reporters.JUnitReportReporter -->
<testsuite hostname="DESKTOP-UHVKUV9" failures="0" tests="1" name="com.crm.practice.demo" time="0.014" errors="0" timestamp="2021-12-09T16:10:02 IST" skipped="0">
  <testcase classname="com.crm.practice.demo" name="print" time="0.014"/>
  <system-out/>
</testsuite> <!-- com.crm.practice.demo -->
